2024-12-01T11:35:55.857Z: Starting periodic bot health checks
2024-12-01T11:36:00.864Z: Starting bot health check...
2024-12-01T11:36:03.817Z: Health check failed: ETELEGRAM: 400 Bad Request: chat not found
2024-12-01T11:36:03.817Z: Bot not responding. Attempting to restart...
2024-12-01T11:36:04.019Z: Bot restart command executed successfully
2024-12-01T11:36:05.866Z: Starting bot health check...
2024-12-01T11:36:06.124Z: Health check failed: ETELEGRAM: 400 Bad Request: chat not found
2024-12-01T11:36:06.124Z: Bot not responding. Attempting to restart...
2024-12-01T11:36:06.547Z: Bot restart command executed successfully
2024-12-01T11:36:10.871Z: Starting bot health check...
2024-12-01T11:36:10.935Z: Health check failed: ETELEGRAM: 400 Bad Request: chat not found
2024-12-01T11:36:10.935Z: Bot not responding. Attempting to restart...
2024-12-01T11:36:11.233Z: Bot restart command executed successfully
2024-12-01T11:38:14.958Z: Starting periodic bot health checks
2024-12-01T11:38:19.962Z: Starting bot health check...
2024-12-01T11:38:20.113Z: Health check failed: ETELEGRAM: 400 Bad Request: chat not found
2024-12-01T11:38:20.114Z: Bot not responding. Attempting to restart...
2024-12-01T11:38:24.964Z: Starting bot health check...
2024-12-01T11:38:25.018Z: Health check failed: ETELEGRAM: 400 Bad Request: chat not found
2024-12-01T11:38:25.018Z: Bot not responding. Attempting to restart...
2024-12-01T11:38:29.969Z: Starting bot health check...
2024-12-01T11:38:30.218Z: Health check failed: ETELEGRAM: 400 Bad Request: chat not found
2024-12-01T11:38:30.218Z: Bot not responding. Attempting to restart...
2024-12-01T11:38:34.975Z: Starting bot health check...
2024-12-01T11:38:35.114Z: Health check failed: ETELEGRAM: 400 Bad Request: chat not found
2024-12-01T11:38:35.114Z: Bot not responding. Attempting to restart...
2024-12-01T11:38:39.980Z: Starting bot health check...
2024-12-01T11:38:40.066Z: Health check failed: ETELEGRAM: 400 Bad Request: chat not found
2024-12-01T11:38:40.066Z: Bot not responding. Attempting to restart...
2024-12-01T11:38:44.986Z: Starting bot health check...
2024-12-01T11:38:45.063Z: Health check failed: ETELEGRAM: 400 Bad Request: chat not found
2024-12-01T11:38:45.063Z: Bot not responding. Attempting to restart...
2024-12-01T11:38:49.992Z: Starting bot health check...
2024-12-01T11:38:50.080Z: Health check failed: ETELEGRAM: 400 Bad Request: chat not found
2024-12-01T11:38:50.080Z: Bot not responding. Attempting to restart...
2024-12-01T11:38:54.997Z: Starting bot health check...
2024-12-01T11:38:55.076Z: Health check failed: ETELEGRAM: 400 Bad Request: chat not found
2024-12-01T11:38:55.076Z: Bot not responding. Attempting to restart...
2024-12-01T11:39:00.003Z: Starting bot health check...
2024-12-01T11:39:00.082Z: Health check failed: ETELEGRAM: 400 Bad Request: chat not found
2024-12-01T11:39:00.082Z: Bot not responding. Attempting to restart...
2024-12-01T11:39:05.009Z: Starting bot health check...
2024-12-01T11:39:05.104Z: Health check failed: ETELEGRAM: 400 Bad Request: chat not found
2024-12-01T11:39:05.104Z: Bot not responding. Attempting to restart...
2024-12-01T11:39:10.010Z: Starting bot health check...
2024-12-01T11:39:10.366Z: Health check failed: ETELEGRAM: 400 Bad Request: chat not found
2024-12-01T11:39:10.366Z: Bot not responding. Attempting to restart...
2024-12-01T11:39:15.015Z: Starting bot health check...
2024-12-01T11:39:15.129Z: Health check failed: ETELEGRAM: 400 Bad Request: chat not found
2024-12-01T11:39:15.129Z: Bot not responding. Attempting to restart...
2024-12-01T11:39:20.021Z: Starting bot health check...
2024-12-01T11:39:20.081Z: Health check failed: ETELEGRAM: 400 Bad Request: chat not found
2024-12-01T11:39:20.081Z: Bot not responding. Attempting to restart...
2024-12-01T11:39:25.026Z: Starting bot health check...
2024-12-01T11:39:25.109Z: Health check failed: ETELEGRAM: 400 Bad Request: chat not found
2024-12-01T11:39:25.109Z: Bot not responding. Attempting to restart...
2024-12-01T11:39:30.032Z: Starting bot health check...
2024-12-01T11:39:30.083Z: Health check failed: ETELEGRAM: 400 Bad Request: chat not found
2024-12-01T11:39:30.084Z: Bot not responding. Attempting to restart...
2024-12-01T11:39:35.039Z: Starting bot health check...
2024-12-01T11:39:35.127Z: Health check failed: ETELEGRAM: 400 Bad Request: chat not found
2024-12-01T11:39:35.127Z: Bot not responding. Attempting to restart...
2024-12-01T11:39:40.042Z: Starting bot health check...
2024-12-01T11:39:40.094Z: Health check failed: ETELEGRAM: 400 Bad Request: chat not found
2024-12-01T11:39:40.094Z: Bot not responding. Attempting to restart...
2024-12-01T11:39:45.046Z: Starting bot health check...
2024-12-01T11:39:45.111Z: Health check failed: ETELEGRAM: 400 Bad Request: chat not found
2024-12-01T11:39:45.111Z: Bot not responding. Attempting to restart...
2024-12-01T11:39:50.051Z: Starting bot health check...
2024-12-01T11:39:50.250Z: Health check failed: ETELEGRAM: 400 Bad Request: chat not found
2024-12-01T11:39:50.250Z: Bot not responding. Attempting to restart...
2024-12-01T11:39:55.056Z: Starting bot health check...
2024-12-01T11:39:55.162Z: Health check failed: ETELEGRAM: 400 Bad Request: chat not found
2024-12-01T11:39:55.162Z: Bot not responding. Attempting to restart...
2024-12-01T11:40:00.061Z: Starting bot health check...
2024-12-01T11:40:00.284Z: Health check failed: ETELEGRAM: 400 Bad Request: chat not found
2024-12-01T11:40:00.284Z: Bot not responding. Attempting to restart...
2024-12-01T11:40:05.066Z: Starting bot health check...
2024-12-01T11:40:05.150Z: Health check failed: ETELEGRAM: 400 Bad Request: chat not found
2024-12-01T11:40:05.150Z: Bot not responding. Attempting to restart...
2024-12-01T11:40:10.072Z: Starting bot health check...
2024-12-01T11:40:10.125Z: Health check failed: ETELEGRAM: 400 Bad Request: chat not found
2024-12-01T11:40:10.125Z: Bot not responding. Attempting to restart...
2024-12-01T11:40:15.077Z: Starting bot health check...
2024-12-01T11:40:15.214Z: Health check failed: ETELEGRAM: 400 Bad Request: chat not found
2024-12-01T11:40:15.214Z: Bot not responding. Attempting to restart...
2024-12-01T11:40:20.083Z: Starting bot health check...
2024-12-01T11:40:20.133Z: Health check failed: ETELEGRAM: 400 Bad Request: chat not found
2024-12-01T11:40:20.133Z: Bot not responding. Attempting to restart...
2024-12-01T11:40:25.088Z: Starting bot health check...
2024-12-01T11:40:25.142Z: Health check failed: ETELEGRAM: 400 Bad Request: chat not found
2024-12-01T11:40:25.142Z: Bot not responding. Attempting to restart...
2024-12-01T11:40:30.093Z: Starting bot health check...
2024-12-01T11:40:30.313Z: Health check failed: ETELEGRAM: 400 Bad Request: chat not found
2024-12-01T11:40:30.313Z: Bot not responding. Attempting to restart...
2024-12-01T11:40:35.098Z: Starting bot health check...
2024-12-01T11:40:35.349Z: Health check failed: ETELEGRAM: 400 Bad Request: chat not found
2024-12-01T11:40:35.349Z: Bot not responding. Attempting to restart...
2024-12-01T11:40:40.102Z: Starting bot health check...
2024-12-01T11:40:40.271Z: Health check failed: ETELEGRAM: 400 Bad Request: chat not found
2024-12-01T11:40:40.271Z: Bot not responding. Attempting to restart...
2024-12-01T11:40:45.108Z: Starting bot health check...
2024-12-01T11:40:45.306Z: Bot not responding. Attempting to restart...
2024-12-01T11:40:45.306Z: Health check failed: ETELEGRAM: 400 Bad Request: chat not found
2024-12-01T11:40:50.113Z: Starting bot health check...
2024-12-01T11:40:50.229Z: Health check failed: ETELEGRAM: 400 Bad Request: chat not found
2024-12-01T11:40:50.230Z: Bot not responding. Attempting to restart...
2024-12-01T11:40:55.115Z: Starting bot health check...
2024-12-01T11:40:55.404Z: Health check failed: ETELEGRAM: 400 Bad Request: chat not found
2024-12-01T11:40:55.404Z: Bot not responding. Attempting to restart...
2024-12-01T11:41:00.119Z: Starting bot health check...
2024-12-01T11:41:00.180Z: Health check failed: ETELEGRAM: 400 Bad Request: chat not found
2024-12-01T11:41:00.180Z: Bot not responding. Attempting to restart...
2024-12-01T11:41:05.125Z: Starting bot health check...
2024-12-01T11:41:05.297Z: Health check failed: ETELEGRAM: 400 Bad Request: chat not found
2024-12-01T11:41:05.297Z: Bot not responding. Attempting to restart...
2024-12-01T11:41:10.126Z: Starting bot health check...
2024-12-01T11:41:10.329Z: Health check failed: ETELEGRAM: 400 Bad Request: chat not found
2024-12-01T11:41:10.330Z: Bot not responding. Attempting to restart...
2024-12-01T11:41:15.130Z: Starting bot health check...
2024-12-01T11:41:15.356Z: Health check failed: ETELEGRAM: 400 Bad Request: chat not found
2024-12-01T11:41:15.356Z: Bot not responding. Attempting to restart...
2024-12-01T11:41:20.133Z: Starting bot health check...
2024-12-01T11:41:20.441Z: Health check failed: ETELEGRAM: 400 Bad Request: chat not found
2024-12-01T11:41:20.441Z: Bot not responding. Attempting to restart...
2024-12-01T11:41:25.139Z: Starting bot health check...
2024-12-01T11:41:25.215Z: Health check failed: ETELEGRAM: 400 Bad Request: chat not found
2024-12-01T11:41:25.215Z: Bot not responding. Attempting to restart...
2024-12-01T11:41:30.144Z: Starting bot health check...
2024-12-01T11:41:30.413Z: Health check failed: ETELEGRAM: 400 Bad Request: chat not found
2024-12-01T11:41:30.413Z: Bot not responding. Attempting to restart...
2024-12-01T11:41:35.150Z: Starting bot health check...
2024-12-01T11:41:35.214Z: Health check failed: ETELEGRAM: 400 Bad Request: chat not found
2024-12-01T11:41:35.214Z: Bot not responding. Attempting to restart...
2024-12-01T11:41:40.155Z: Starting bot health check...
2024-12-01T11:41:40.210Z: Health check failed: ETELEGRAM: 400 Bad Request: chat not found
2024-12-01T11:41:40.210Z: Bot not responding. Attempting to restart...
2024-12-01T11:41:45.161Z: Starting bot health check...
2024-12-01T11:41:45.215Z: Health check failed: ETELEGRAM: 400 Bad Request: chat not found
2024-12-01T11:41:45.215Z: Bot not responding. Attempting to restart...
2024-12-01T11:41:50.166Z: Starting bot health check...
2024-12-01T11:41:50.249Z: Health check failed: ETELEGRAM: 400 Bad Request: chat not found
2024-12-01T11:41:50.249Z: Bot not responding. Attempting to restart...
2024-12-01T11:41:55.171Z: Starting bot health check...
2024-12-01T11:41:55.241Z: Health check failed: ETELEGRAM: 400 Bad Request: chat not found
2024-12-01T11:41:55.241Z: Bot not responding. Attempting to restart...
2024-12-01T11:42:00.176Z: Starting bot health check...
2024-12-01T11:42:00.258Z: Health check failed: ETELEGRAM: 400 Bad Request: chat not found
2024-12-01T11:42:00.258Z: Bot not responding. Attempting to restart...
2024-12-01T11:42:05.181Z: Starting bot health check...
2024-12-01T11:42:05.460Z: Health check failed: ETELEGRAM: 400 Bad Request: chat not found
2024-12-01T11:42:05.460Z: Bot not responding. Attempting to restart...
2024-12-01T11:42:10.186Z: Starting bot health check...
2024-12-01T11:42:10.260Z: Health check failed: ETELEGRAM: 400 Bad Request: chat not found
2024-12-01T11:42:10.260Z: Bot not responding. Attempting to restart...
2024-12-01T11:42:15.191Z: Starting bot health check...
2024-12-01T11:42:15.440Z: Health check failed: ETELEGRAM: 400 Bad Request: chat not found
2024-12-01T11:42:15.440Z: Bot not responding. Attempting to restart...
2024-12-01T11:42:20.193Z: Starting bot health check...
2024-12-01T11:42:20.241Z: Health check failed: ETELEGRAM: 400 Bad Request: chat not found
2024-12-01T11:42:20.241Z: Bot not responding. Attempting to restart...
2024-12-01T11:42:25.198Z: Starting bot health check...
2024-12-01T11:42:25.260Z: Health check failed: ETELEGRAM: 400 Bad Request: chat not found
2024-12-01T11:42:25.260Z: Bot not responding. Attempting to restart...
2024-12-01T11:42:30.203Z: Starting bot health check...
2024-12-01T11:42:30.249Z: Health check failed: ETELEGRAM: 400 Bad Request: chat not found
2024-12-01T11:42:30.249Z: Bot not responding. Attempting to restart...
2024-12-01T11:42:35.209Z: Starting bot health check...
2024-12-01T11:42:35.372Z: Health check failed: ETELEGRAM: 400 Bad Request: chat not found
2024-12-01T11:42:35.373Z: Bot not responding. Attempting to restart...
2024-12-01T11:42:40.214Z: Starting bot health check...
2024-12-01T11:42:40.284Z: Health check failed: ETELEGRAM: 400 Bad Request: chat not found
2024-12-01T11:42:40.285Z: Bot not responding. Attempting to restart...
2024-12-01T11:42:45.219Z: Starting bot health check...
2024-12-01T11:42:45.277Z: Health check failed: ETELEGRAM: 400 Bad Request: chat not found
2024-12-01T11:42:45.277Z: Bot not responding. Attempting to restart...
2024-12-01T11:42:50.225Z: Starting bot health check...
2024-12-01T11:42:50.285Z: Health check failed: ETELEGRAM: 400 Bad Request: chat not found
2024-12-01T11:42:50.285Z: Bot not responding. Attempting to restart...
2024-12-01T11:42:55.230Z: Starting bot health check...
2024-12-01T11:42:55.355Z: Health check failed: ETELEGRAM: 400 Bad Request: chat not found
2024-12-01T11:42:55.355Z: Bot not responding. Attempting to restart...
2024-12-01T11:43:00.235Z: Starting bot health check...
2024-12-01T11:43:00.310Z: Health check failed: ETELEGRAM: 400 Bad Request: chat not found
2024-12-01T11:43:00.310Z: Bot not responding. Attempting to restart...
2024-12-01T11:43:05.240Z: Starting bot health check...
2024-12-01T11:43:05.422Z: Health check failed: ETELEGRAM: 400 Bad Request: chat not found
2024-12-01T11:43:05.422Z: Bot not responding. Attempting to restart...
2024-12-01T11:43:10.244Z: Starting bot health check...
2024-12-01T11:43:10.302Z: Health check failed: ETELEGRAM: 400 Bad Request: chat not found
2024-12-01T11:43:10.302Z: Bot not responding. Attempting to restart...
2024-12-01T11:43:15.250Z: Starting bot health check...
2024-12-01T11:43:15.339Z: Health check failed: ETELEGRAM: 400 Bad Request: chat not found
2024-12-01T11:43:15.339Z: Bot not responding. Attempting to restart...
2024-12-01T11:43:20.252Z: Starting bot health check...
2024-12-01T11:43:20.320Z: Health check failed: ETELEGRAM: 400 Bad Request: chat not found
2024-12-01T11:43:20.320Z: Bot not responding. Attempting to restart...
2024-12-01T11:43:25.258Z: Starting bot health check...
2024-12-01T11:43:25.335Z: Health check failed: ETELEGRAM: 400 Bad Request: chat not found
2024-12-01T11:43:25.335Z: Bot not responding. Attempting to restart...
2024-12-01T11:43:30.261Z: Starting bot health check...
2024-12-01T11:43:30.374Z: Health check failed: ETELEGRAM: 400 Bad Request: chat not found
2024-12-01T11:43:30.374Z: Bot not responding. Attempting to restart...
2024-12-01T11:43:35.266Z: Starting bot health check...
2024-12-01T11:43:35.316Z: Health check failed: ETELEGRAM: 400 Bad Request: chat not found
2024-12-01T11:43:35.316Z: Bot not responding. Attempting to restart...
2024-12-01T11:43:40.270Z: Starting bot health check...
2024-12-01T11:43:40.378Z: Health check failed: ETELEGRAM: 400 Bad Request: chat not found
2024-12-01T11:43:40.378Z: Bot not responding. Attempting to restart...
2024-12-01T11:43:45.274Z: Starting bot health check...
2024-12-01T11:43:45.323Z: Bot not responding. Attempting to restart...
2024-12-01T11:43:45.323Z: Health check failed: ETELEGRAM: 400 Bad Request: chat not found
2024-12-01T11:43:50.278Z: Starting bot health check...
2024-12-01T11:43:50.404Z: Health check failed: ETELEGRAM: 400 Bad Request: chat not found
2024-12-01T11:43:50.404Z: Bot not responding. Attempting to restart...
2024-12-01T11:43:55.281Z: Starting bot health check...
2024-12-01T11:43:55.581Z: Health check failed: ETELEGRAM: 400 Bad Request: chat not found
2024-12-01T11:43:55.581Z: Bot not responding. Attempting to restart...
2024-12-01T11:44:00.286Z: Starting bot health check...
2024-12-01T11:44:00.394Z: Health check failed: ETELEGRAM: 400 Bad Request: chat not found
2024-12-01T11:44:00.394Z: Bot not responding. Attempting to restart...
2024-12-01T11:44:05.290Z: Starting bot health check...
2024-12-01T11:44:05.567Z: Health check failed: ETELEGRAM: 400 Bad Request: chat not found
2024-12-01T11:44:05.567Z: Bot not responding. Attempting to restart...
2024-12-01T11:44:10.294Z: Starting bot health check...
2024-12-01T11:44:10.342Z: Health check failed: ETELEGRAM: 400 Bad Request: chat not found
2024-12-01T11:44:10.342Z: Bot not responding. Attempting to restart...
2024-12-01T11:44:15.299Z: Starting bot health check...
2024-12-01T11:44:15.540Z: Health check failed: ETELEGRAM: 400 Bad Request: chat not found
2024-12-01T11:44:15.540Z: Bot not responding. Attempting to restart...
2024-12-01T11:44:20.303Z: Starting bot health check...
2024-12-01T11:44:20.448Z: Health check failed: ETELEGRAM: 400 Bad Request: chat not found
2024-12-01T11:44:20.448Z: Bot not responding. Attempting to restart...
2024-12-01T11:44:25.309Z: Starting bot health check...
2024-12-01T11:44:25.462Z: Health check failed: ETELEGRAM: 400 Bad Request: chat not found
2024-12-01T11:44:25.462Z: Bot not responding. Attempting to restart...
2024-12-01T11:44:30.315Z: Starting bot health check...
2024-12-01T11:44:30.549Z: Health check failed: ETELEGRAM: 400 Bad Request: chat not found
2024-12-01T11:44:30.550Z: Bot not responding. Attempting to restart...
2024-12-01T11:44:35.321Z: Starting bot health check...
2024-12-01T11:44:35.414Z: Health check failed: ETELEGRAM: 400 Bad Request: chat not found
2024-12-01T11:44:35.414Z: Bot not responding. Attempting to restart...
2024-12-01T11:44:40.326Z: Starting bot health check...
2024-12-01T11:44:40.518Z: Health check failed: ETELEGRAM: 400 Bad Request: chat not found
2024-12-01T11:44:40.518Z: Bot not responding. Attempting to restart...
2024-12-01T11:44:45.332Z: Starting bot health check...
2024-12-01T11:44:45.409Z: Bot not responding. Attempting to restart...
2024-12-01T11:44:45.408Z: Health check failed: ETELEGRAM: 400 Bad Request: chat not found
2024-12-01T11:44:50.337Z: Starting bot health check...
2024-12-01T11:44:50.477Z: Health check failed: ETELEGRAM: 400 Bad Request: chat not found
2024-12-01T11:44:50.477Z: Bot not responding. Attempting to restart...
2024-12-01T11:44:55.344Z: Starting bot health check...
2024-12-01T11:44:55.540Z: Health check failed: ETELEGRAM: 400 Bad Request: chat not found
2024-12-01T11:44:55.540Z: Bot not responding. Attempting to restart...
2024-12-01T11:45:00.349Z: Starting bot health check...
2024-12-01T11:45:00.421Z: Health check failed: ETELEGRAM: 400 Bad Request: chat not found
2024-12-01T11:45:00.421Z: Bot not responding. Attempting to restart...
2024-12-01T11:45:05.354Z: Starting bot health check...
2024-12-01T11:45:05.429Z: Health check failed: ETELEGRAM: 400 Bad Request: chat not found
2024-12-01T11:45:05.429Z: Bot not responding. Attempting to restart...
2024-12-01T11:45:10.359Z: Starting bot health check...
2024-12-01T11:45:10.452Z: Health check failed: ETELEGRAM: 400 Bad Request: chat not found
2024-12-01T11:45:10.452Z: Bot not responding. Attempting to restart...
2024-12-01T11:45:15.364Z: Starting bot health check...
2024-12-01T11:45:15.420Z: Health check failed: ETELEGRAM: 400 Bad Request: chat not found
2024-12-01T11:45:15.420Z: Bot not responding. Attempting to restart...
2024-12-01T11:45:20.370Z: Starting bot health check...
2024-12-01T11:45:20.420Z: Health check failed: ETELEGRAM: 400 Bad Request: chat not found
2024-12-01T11:45:20.420Z: Bot not responding. Attempting to restart...
2024-12-01T11:45:25.376Z: Starting bot health check...
2024-12-01T11:45:25.442Z: Health check failed: ETELEGRAM: 400 Bad Request: chat not found
2024-12-01T11:45:25.442Z: Bot not responding. Attempting to restart...
2024-12-01T11:45:30.378Z: Starting bot health check...
2024-12-01T11:45:30.481Z: Health check failed: ETELEGRAM: 400 Bad Request: chat not found
2024-12-01T11:45:30.481Z: Bot not responding. Attempting to restart...
2024-12-01T11:45:35.382Z: Starting bot health check...
2024-12-01T11:45:35.439Z: Bot not responding. Attempting to restart...
2024-12-01T11:45:35.439Z: Health check failed: ETELEGRAM: 400 Bad Request: chat not found
2024-12-01T11:45:40.387Z: Starting bot health check...
2024-12-01T11:45:40.677Z: Health check failed: ETELEGRAM: 400 Bad Request: chat not found
2024-12-01T11:45:40.677Z: Bot not responding. Attempting to restart...
2024-12-01T11:45:45.390Z: Starting bot health check...
2024-12-01T11:45:45.444Z: Health check failed: ETELEGRAM: 400 Bad Request: chat not found
2024-12-01T11:45:45.445Z: Bot not responding. Attempting to restart...
2024-12-01T11:45:50.393Z: Starting bot health check...
2024-12-01T11:45:50.467Z: Bot not responding. Attempting to restart...
2024-12-01T11:45:50.467Z: Health check failed: ETELEGRAM: 400 Bad Request: chat not found
2024-12-01T11:45:55.398Z: Starting bot health check...
2024-12-01T11:45:55.448Z: Health check failed: ETELEGRAM: 400 Bad Request: chat not found
2024-12-01T11:45:55.448Z: Bot not responding. Attempting to restart...
2024-12-01T11:46:00.403Z: Starting bot health check...
2024-12-01T11:46:00.593Z: Health check failed: ETELEGRAM: 400 Bad Request: chat not found
2024-12-01T11:46:00.593Z: Bot not responding. Attempting to restart...
2024-12-01T11:46:05.408Z: Starting bot health check...
2024-12-01T11:46:05.484Z: Health check failed: ETELEGRAM: 400 Bad Request: chat not found
2024-12-01T11:46:05.484Z: Bot not responding. Attempting to restart...
2024-12-01T11:46:10.413Z: Starting bot health check...
2024-12-01T11:46:10.513Z: Health check failed: ETELEGRAM: 400 Bad Request: chat not found
2024-12-01T11:46:10.513Z: Bot not responding. Attempting to restart...
2024-12-01T11:46:15.418Z: Starting bot health check...
2024-12-01T11:46:15.943Z: Health check failed: ETELEGRAM: 400 Bad Request: chat not found
2024-12-01T11:46:15.943Z: Bot not responding. Attempting to restart...
2024-12-01T11:46:20.423Z: Starting bot health check...
2024-12-01T11:46:20.498Z: Health check failed: ETELEGRAM: 400 Bad Request: chat not found
2024-12-01T11:46:20.498Z: Bot not responding. Attempting to restart...
2024-12-01T11:46:25.429Z: Starting bot health check...
2024-12-01T11:46:25.485Z: Health check failed: ETELEGRAM: 400 Bad Request: chat not found
2024-12-01T11:46:25.485Z: Bot not responding. Attempting to restart...
2024-12-01T11:46:30.435Z: Starting bot health check...
2024-12-01T11:46:30.499Z: Health check failed: ETELEGRAM: 400 Bad Request: chat not found
2024-12-01T11:46:30.499Z: Bot not responding. Attempting to restart...
2024-12-01T11:46:35.440Z: Starting bot health check...
2024-12-01T11:46:35.488Z: Health check failed: ETELEGRAM: 400 Bad Request: chat not found
2024-12-01T11:46:35.488Z: Bot not responding. Attempting to restart...
2024-12-01T11:46:40.445Z: Starting bot health check...
2024-12-01T11:46:40.567Z: Health check failed: ETELEGRAM: 400 Bad Request: chat not found
2024-12-01T11:46:40.567Z: Bot not responding. Attempting to restart...
2024-12-01T11:46:45.451Z: Starting bot health check...
2024-12-01T11:46:45.530Z: Health check failed: ETELEGRAM: 400 Bad Request: chat not found
2024-12-01T11:46:45.530Z: Bot not responding. Attempting to restart...
2024-12-01T11:46:50.457Z: Starting bot health check...
2024-12-01T11:46:50.614Z: Health check failed: ETELEGRAM: 400 Bad Request: chat not found
2024-12-01T11:46:50.614Z: Bot not responding. Attempting to restart...
2024-12-01T11:46:55.462Z: Starting bot health check...
2024-12-01T11:46:55.611Z: Health check failed: ETELEGRAM: 400 Bad Request: chat not found
2024-12-01T11:46:55.612Z: Bot not responding. Attempting to restart...
2024-12-01T11:47:00.464Z: Starting bot health check...
2024-12-01T11:47:00.510Z: Health check failed: ETELEGRAM: 400 Bad Request: chat not found
2024-12-01T11:47:00.511Z: Bot not responding. Attempting to restart...
2024-12-01T11:47:05.469Z: Starting bot health check...
2024-12-01T11:47:05.663Z: Health check failed: ETELEGRAM: 400 Bad Request: chat not found
2024-12-01T11:47:05.663Z: Bot not responding. Attempting to restart...
2024-12-01T11:47:10.471Z: Starting bot health check...
2024-12-01T11:47:10.521Z: Health check failed: ETELEGRAM: 400 Bad Request: chat not found
2024-12-01T11:47:10.521Z: Bot not responding. Attempting to restart...
2024-12-01T11:47:15.477Z: Starting bot health check...
2024-12-01T11:47:15.527Z: Health check failed: ETELEGRAM: 400 Bad Request: chat not found
2024-12-01T11:47:15.527Z: Bot not responding. Attempting to restart...
2024-12-01T11:47:20.483Z: Starting bot health check...
2024-12-01T11:47:20.539Z: Health check failed: ETELEGRAM: 400 Bad Request: chat not found
2024-12-01T11:47:20.539Z: Bot not responding. Attempting to restart...
2024-12-01T11:47:25.488Z: Starting bot health check...
2024-12-01T11:47:25.608Z: Health check failed: ETELEGRAM: 400 Bad Request: chat not found
2024-12-01T11:47:25.608Z: Bot not responding. Attempting to restart...
2024-12-01T11:47:30.493Z: Starting bot health check...
2024-12-01T11:47:30.609Z: Health check failed: ETELEGRAM: 400 Bad Request: chat not found
2024-12-01T11:47:30.609Z: Bot not responding. Attempting to restart...
2024-12-01T11:47:35.498Z: Starting bot health check...
2024-12-01T11:47:35.586Z: Health check failed: ETELEGRAM: 400 Bad Request: chat not found
2024-12-01T11:47:35.586Z: Bot not responding. Attempting to restart...
2024-12-01T11:47:40.503Z: Starting bot health check...
2024-12-01T11:47:40.609Z: Health check failed: ETELEGRAM: 400 Bad Request: chat not found
2024-12-01T11:47:40.609Z: Bot not responding. Attempting to restart...
2024-12-01T11:47:45.508Z: Starting bot health check...
2024-12-01T11:47:45.686Z: Health check failed: ETELEGRAM: 400 Bad Request: chat not found
2024-12-01T11:47:45.686Z: Bot not responding. Attempting to restart...
2024-12-01T11:47:50.513Z: Starting bot health check...
2024-12-01T11:47:50.643Z: Health check failed: ETELEGRAM: 400 Bad Request: chat not found
2024-12-01T11:47:50.643Z: Bot not responding. Attempting to restart...
2024-12-01T11:47:55.518Z: Starting bot health check...
2024-12-01T11:47:55.676Z: Health check failed: ETELEGRAM: 400 Bad Request: chat not found
2024-12-01T11:47:55.676Z: Bot not responding. Attempting to restart...
2024-12-01T11:48:00.523Z: Starting bot health check...
2024-12-01T11:48:00.582Z: Health check failed: ETELEGRAM: 400 Bad Request: chat not found
2024-12-01T11:48:00.582Z: Bot not responding. Attempting to restart...
2024-12-01T11:48:05.529Z: Starting bot health check...
2024-12-01T11:48:05.581Z: Health check failed: ETELEGRAM: 400 Bad Request: chat not found
2024-12-01T11:48:05.581Z: Bot not responding. Attempting to restart...
2024-12-01T11:48:10.534Z: Starting bot health check...
2024-12-01T11:48:10.583Z: Health check failed: ETELEGRAM: 400 Bad Request: chat not found
2024-12-01T11:48:10.583Z: Bot not responding. Attempting to restart...
2024-12-01T11:48:15.539Z: Starting bot health check...
2024-12-01T11:48:15.593Z: Health check failed: ETELEGRAM: 400 Bad Request: chat not found
2024-12-01T11:48:15.594Z: Bot not responding. Attempting to restart...
2024-12-01T11:48:20.545Z: Starting bot health check...
2024-12-01T11:48:20.600Z: Health check failed: ETELEGRAM: 400 Bad Request: chat not found
2024-12-01T11:48:20.600Z: Bot not responding. Attempting to restart...
2024-12-01T11:48:25.551Z: Starting bot health check...
2024-12-01T11:48:25.609Z: Health check failed: ETELEGRAM: 400 Bad Request: chat not found
2024-12-01T11:48:25.609Z: Bot not responding. Attempting to restart...
2024-12-01T11:48:30.556Z: Starting bot health check...
2024-12-01T11:48:30.635Z: Health check failed: ETELEGRAM: 400 Bad Request: chat not found
2024-12-01T11:48:30.635Z: Bot not responding. Attempting to restart...
2024-12-01T11:48:35.562Z: Starting bot health check...
2024-12-01T11:48:35.617Z: Health check failed: ETELEGRAM: 400 Bad Request: chat not found
2024-12-01T11:48:35.617Z: Bot not responding. Attempting to restart...
2024-12-01T11:48:40.568Z: Starting bot health check...
2024-12-01T11:48:40.619Z: Health check failed: ETELEGRAM: 400 Bad Request: chat not found
2024-12-01T11:48:40.619Z: Bot not responding. Attempting to restart...
2024-12-01T11:48:45.573Z: Starting bot health check...
2024-12-01T11:48:45.809Z: Health check failed: ETELEGRAM: 400 Bad Request: chat not found
2024-12-01T11:48:45.809Z: Bot not responding. Attempting to restart...
2024-12-01T11:48:50.579Z: Starting bot health check...
2024-12-01T11:48:50.629Z: Bot not responding. Attempting to restart...
2024-12-01T11:48:50.628Z: Health check failed: ETELEGRAM: 400 Bad Request: chat not found
2024-12-01T11:48:55.584Z: Starting bot health check...
2024-12-01T11:48:55.635Z: Health check failed: ETELEGRAM: 400 Bad Request: chat not found
2024-12-01T11:48:55.635Z: Bot not responding. Attempting to restart...
2024-12-01T11:49:00.589Z: Starting bot health check...
2024-12-01T11:49:00.690Z: Health check failed: ETELEGRAM: 400 Bad Request: chat not found
2024-12-01T11:49:00.690Z: Bot not responding. Attempting to restart...
2024-12-01T11:49:05.595Z: Starting bot health check...
2024-12-01T11:49:05.647Z: Health check failed: ETELEGRAM: 400 Bad Request: chat not found
2024-12-01T11:49:05.648Z: Bot not responding. Attempting to restart...
2024-12-01T11:49:10.600Z: Starting bot health check...
2024-12-01T11:49:10.756Z: Bot not responding. Attempting to restart...
2024-12-01T11:49:10.756Z: Health check failed: ETELEGRAM: 400 Bad Request: chat not found
2024-12-01T11:49:15.606Z: Starting bot health check...
2024-12-01T11:49:15.670Z: Health check failed: ETELEGRAM: 400 Bad Request: chat not found
2024-12-01T11:49:15.670Z: Bot not responding. Attempting to restart...
2024-12-01T11:49:20.611Z: Starting bot health check...
2024-12-01T11:49:20.929Z: Health check failed: ETELEGRAM: 400 Bad Request: chat not found
2024-12-01T11:49:20.929Z: Bot not responding. Attempting to restart...
2024-12-01T11:49:25.616Z: Starting bot health check...
2024-12-01T11:49:25.825Z: Health check failed: ETELEGRAM: 400 Bad Request: chat not found
2024-12-01T11:49:25.825Z: Bot not responding. Attempting to restart...
2024-12-01T11:49:30.621Z: Starting bot health check...
2024-12-01T11:49:30.853Z: Health check failed: ETELEGRAM: 400 Bad Request: chat not found
2024-12-01T11:49:30.853Z: Bot not responding. Attempting to restart...
2024-12-01T11:56:15.726Z: Starting periodic bot health checks
2024-12-01T11:56:20.736Z: Starting bot health check...
2024-12-01T11:56:20.917Z: Health check failed: ETELEGRAM: 403 Forbidden: bots can't send messages to bots
2024-12-01T11:56:20.917Z: Bot not responding. Attempting to restart...
2024-12-01T11:56:25.738Z: Starting bot health check...
2024-12-01T11:56:25.873Z: Health check failed: ETELEGRAM: 403 Forbidden: bots can't send messages to bots
2024-12-01T11:56:25.873Z: Bot not responding. Attempting to restart...
2024-12-01T11:56:30.744Z: Starting bot health check...
2024-12-01T11:56:30.787Z: Health check failed: ETELEGRAM: 403 Forbidden: bots can't send messages to bots
2024-12-01T11:56:30.788Z: Bot not responding. Attempting to restart...
2024-12-01T11:56:35.749Z: Starting bot health check...
2024-12-01T11:56:35.902Z: Health check failed: ETELEGRAM: 403 Forbidden: bots can't send messages to bots
2024-12-01T11:56:35.902Z: Bot not responding. Attempting to restart...
2024-12-01T11:56:40.750Z: Starting bot health check...
2024-12-01T11:56:40.791Z: Health check failed: ETELEGRAM: 403 Forbidden: bots can't send messages to bots
2024-12-01T11:56:40.791Z: Bot not responding. Attempting to restart...
2024-12-01T11:56:45.756Z: Starting bot health check...
2024-12-01T11:56:45.800Z: Health check failed: ETELEGRAM: 403 Forbidden: bots can't send messages to bots
2024-12-01T11:56:45.801Z: Bot not responding. Attempting to restart...
2024-12-01T11:56:50.761Z: Starting bot health check...
2024-12-01T11:56:50.878Z: Health check failed: ETELEGRAM: 403 Forbidden: bots can't send messages to bots
2024-12-01T11:56:50.878Z: Bot not responding. Attempting to restart...
2024-12-01T11:56:55.767Z: Starting bot health check...
2024-12-01T11:56:55.819Z: Health check failed: ETELEGRAM: 403 Forbidden: bots can't send messages to bots
2024-12-01T11:56:55.820Z: Bot not responding. Attempting to restart...
2024-12-01T11:57:06.689Z: Starting periodic bot health checks
2024-12-01T11:57:11.697Z: Starting bot health check...
2024-12-01T11:57:11.858Z: Health check failed: ETELEGRAM: 400 Bad Request: chat not found
2024-12-01T11:57:11.859Z: Bot not responding. Attempting to restart...
2024-12-01T11:57:16.698Z: Starting bot health check...
2024-12-01T11:57:16.820Z: Health check failed: ETELEGRAM: 400 Bad Request: chat not found
2024-12-01T11:57:16.820Z: Bot not responding. Attempting to restart...
2024-12-01T11:57:21.702Z: Starting bot health check...
2024-12-01T11:57:21.766Z: Health check failed: ETELEGRAM: 400 Bad Request: chat not found
2024-12-01T11:57:21.767Z: Bot not responding. Attempting to restart...
2024-12-01T11:57:26.706Z: Starting bot health check...
2024-12-01T11:57:26.840Z: Health check failed: ETELEGRAM: 400 Bad Request: chat not found
2024-12-01T11:57:26.840Z: Bot not responding. Attempting to restart...
2024-12-01T11:57:31.710Z: Starting bot health check...
2024-12-01T11:57:31.844Z: Health check failed: ETELEGRAM: 400 Bad Request: chat not found
2024-12-01T11:57:31.844Z: Bot not responding. Attempting to restart...
2024-12-01T11:57:36.713Z: Starting bot health check...
2024-12-01T11:57:36.773Z: Health check failed: ETELEGRAM: 400 Bad Request: chat not found
2024-12-01T11:57:36.773Z: Bot not responding. Attempting to restart...
2024-12-01T11:57:41.718Z: Starting bot health check...
2024-12-01T11:57:41.768Z: Health check failed: ETELEGRAM: 400 Bad Request: chat not found
2024-12-01T11:57:41.768Z: Bot not responding. Attempting to restart...
2024-12-01T11:57:46.724Z: Starting bot health check...
2024-12-01T11:57:46.838Z: Health check failed: ETELEGRAM: 400 Bad Request: chat not found
2024-12-01T11:57:46.838Z: Bot not responding. Attempting to restart...
2024-12-01T11:57:51.729Z: Starting bot health check...
2024-12-01T11:57:51.784Z: Health check failed: ETELEGRAM: 400 Bad Request: chat not found
2024-12-01T11:57:51.784Z: Bot not responding. Attempting to restart...
2024-12-01T11:57:56.734Z: Starting bot health check...
2024-12-01T11:57:56.808Z: Health check failed: ETELEGRAM: 400 Bad Request: chat not found
2024-12-01T11:57:56.808Z: Bot not responding. Attempting to restart...
2024-12-01T11:58:01.740Z: Starting bot health check...
2024-12-01T11:58:01.794Z: Bot not responding. Attempting to restart...
2024-12-01T11:58:01.793Z: Health check failed: ETELEGRAM: 400 Bad Request: chat not found
2024-12-01T11:58:06.745Z: Starting bot health check...
2024-12-01T11:58:06.793Z: Health check failed: ETELEGRAM: 400 Bad Request: chat not found
2024-12-01T11:58:06.794Z: Bot not responding. Attempting to restart...
2024-12-01T11:58:11.751Z: Starting bot health check...
2024-12-01T11:58:11.819Z: Health check failed: ETELEGRAM: 400 Bad Request: chat not found
2024-12-01T11:58:11.819Z: Bot not responding. Attempting to restart...
2024-12-01T11:58:16.756Z: Starting bot health check...
2024-12-01T11:58:16.803Z: Health check failed: ETELEGRAM: 400 Bad Request: chat not found
2024-12-01T11:58:16.803Z: Bot not responding. Attempting to restart...
2024-12-01T11:58:21.761Z: Starting bot health check...
2024-12-01T11:58:21.855Z: Health check failed: ETELEGRAM: 400 Bad Request: chat not found
2024-12-01T11:58:21.855Z: Bot not responding. Attempting to restart...
2024-12-01T11:58:26.767Z: Starting bot health check...
2024-12-01T11:58:26.896Z: Health check failed: ETELEGRAM: 400 Bad Request: chat not found
2024-12-01T11:58:26.897Z: Bot not responding. Attempting to restart...
2024-12-01T11:58:31.772Z: Starting bot health check...
2024-12-01T11:58:31.870Z: Health check failed: ETELEGRAM: 400 Bad Request: chat not found
2024-12-01T11:58:31.871Z: Bot not responding. Attempting to restart...
2024-12-01T11:58:36.777Z: Starting bot health check...
2024-12-01T11:58:36.825Z: Health check failed: ETELEGRAM: 400 Bad Request: chat not found
2024-12-01T11:58:36.825Z: Bot not responding. Attempting to restart...
2024-12-01T11:58:41.782Z: Starting bot health check...
2024-12-01T11:58:41.830Z: Health check failed: ETELEGRAM: 400 Bad Request: chat not found
2024-12-01T11:58:41.830Z: Bot not responding. Attempting to restart...
2024-12-01T11:58:46.786Z: Starting bot health check...
2024-12-01T11:58:46.878Z: Health check failed: ETELEGRAM: 400 Bad Request: chat not found
2024-12-01T11:58:46.878Z: Bot not responding. Attempting to restart...
2024-12-01T11:58:51.791Z: Starting bot health check...
2024-12-01T11:58:51.839Z: Health check failed: ETELEGRAM: 400 Bad Request: chat not found
2024-12-01T11:58:51.839Z: Bot not responding. Attempting to restart...
2024-12-01T11:58:56.797Z: Starting bot health check...
2024-12-01T11:58:56.846Z: Health check failed: ETELEGRAM: 400 Bad Request: chat not found
2024-12-01T11:58:56.846Z: Bot not responding. Attempting to restart...
2024-12-01T11:59:01.802Z: Starting bot health check...
2024-12-01T11:59:01.979Z: Health check failed: ETELEGRAM: 400 Bad Request: chat not found
2024-12-01T11:59:01.979Z: Bot not responding. Attempting to restart...
2024-12-01T11:59:06.805Z: Starting bot health check...
2024-12-01T11:59:06.856Z: Health check failed: ETELEGRAM: 400 Bad Request: chat not found
2024-12-01T11:59:06.856Z: Bot not responding. Attempting to restart...
2024-12-01T11:59:11.810Z: Starting bot health check...
2024-12-01T11:59:11.864Z: Health check failed: ETELEGRAM: 400 Bad Request: chat not found
2024-12-01T11:59:11.864Z: Bot not responding. Attempting to restart...
2024-12-01T11:59:16.815Z: Starting bot health check...
2024-12-01T11:59:16.869Z: Health check failed: ETELEGRAM: 400 Bad Request: chat not found
2024-12-01T11:59:16.869Z: Bot not responding. Attempting to restart...
2024-12-01T11:59:21.817Z: Starting bot health check...
2024-12-01T11:59:21.870Z: Health check failed: ETELEGRAM: 400 Bad Request: chat not found
2024-12-01T11:59:21.870Z: Bot not responding. Attempting to restart...
2024-12-01T11:59:26.822Z: Starting bot health check...
2024-12-01T11:59:27.013Z: Health check failed: ETELEGRAM: 400 Bad Request: chat not found
2024-12-01T11:59:27.013Z: Bot not responding. Attempting to restart...
2024-12-01T11:59:31.828Z: Starting bot health check...
2024-12-01T11:59:31.876Z: Health check failed: ETELEGRAM: 400 Bad Request: chat not found
2024-12-01T11:59:31.877Z: Bot not responding. Attempting to restart...
2024-12-01T11:59:36.833Z: Starting bot health check...
2024-12-01T11:59:36.890Z: Health check failed: ETELEGRAM: 400 Bad Request: chat not found
2024-12-01T11:59:36.890Z: Bot not responding. Attempting to restart...
2024-12-01T11:59:41.839Z: Starting bot health check...
2024-12-01T11:59:41.952Z: Health check failed: ETELEGRAM: 400 Bad Request: chat not found
2024-12-01T11:59:41.952Z: Bot not responding. Attempting to restart...
2024-12-01T11:59:46.844Z: Starting bot health check...
2024-12-01T11:59:46.893Z: Health check failed: ETELEGRAM: 400 Bad Request: chat not found
2024-12-01T11:59:46.893Z: Bot not responding. Attempting to restart...
2024-12-01T11:59:51.849Z: Starting bot health check...
2024-12-01T11:59:51.896Z: Health check failed: ETELEGRAM: 400 Bad Request: chat not found
2024-12-01T11:59:51.896Z: Bot not responding. Attempting to restart...
2024-12-01T11:59:56.854Z: Starting bot health check...
2024-12-01T11:59:56.903Z: Health check failed: ETELEGRAM: 400 Bad Request: chat not found
2024-12-01T11:59:56.903Z: Bot not responding. Attempting to restart...
2024-12-01T12:00:01.859Z: Starting bot health check...
2024-12-01T12:00:02.144Z: Health check failed: ETELEGRAM: 400 Bad Request: chat not found
2024-12-01T12:00:02.144Z: Bot not responding. Attempting to restart...
2024-12-01T12:00:06.864Z: Starting bot health check...
2024-12-01T12:00:06.992Z: Health check failed: ETELEGRAM: 400 Bad Request: chat not found
2024-12-01T12:00:06.992Z: Bot not responding. Attempting to restart...
2024-12-01T12:00:11.870Z: Starting bot health check...
2024-12-01T12:00:11.931Z: Health check failed: ETELEGRAM: 400 Bad Request: chat not found
2024-12-01T12:00:11.931Z: Bot not responding. Attempting to restart...
2024-12-01T12:00:16.875Z: Starting bot health check...
2024-12-01T12:00:16.955Z: Health check failed: ETELEGRAM: 400 Bad Request: chat not found
2024-12-01T12:00:16.955Z: Bot not responding. Attempting to restart...
2024-12-01T12:00:21.880Z: Starting bot health check...
2024-12-01T12:00:22.017Z: Health check failed: ETELEGRAM: 400 Bad Request: chat not found
2024-12-01T12:00:22.017Z: Bot not responding. Attempting to restart...
2024-12-01T12:00:26.886Z: Starting bot health check...
2024-12-01T12:00:27.074Z: Health check failed: ETELEGRAM: 400 Bad Request: chat not found
2024-12-01T12:00:27.074Z: Bot not responding. Attempting to restart...
2024-12-01T12:00:31.891Z: Starting bot health check...
2024-12-01T12:00:31.943Z: Health check failed: ETELEGRAM: 400 Bad Request: chat not found
2024-12-01T12:00:31.943Z: Bot not responding. Attempting to restart...
2024-12-01T12:00:36.896Z: Starting bot health check...
2024-12-01T12:00:37.048Z: Health check failed: ETELEGRAM: 400 Bad Request: chat not found
2024-12-01T12:00:37.048Z: Bot not responding. Attempting to restart...
2024-12-01T12:00:41.902Z: Starting bot health check...
2024-12-01T12:00:42.048Z: Health check failed: ETELEGRAM: 400 Bad Request: chat not found
2024-12-01T12:00:42.048Z: Bot not responding. Attempting to restart...
2024-12-01T12:00:46.907Z: Starting bot health check...
2024-12-01T12:00:46.963Z: Health check failed: ETELEGRAM: 400 Bad Request: chat not found
2024-12-01T12:00:46.963Z: Bot not responding. Attempting to restart...
2024-12-01T12:00:51.913Z: Starting bot health check...
2024-12-01T12:00:51.969Z: Health check failed: ETELEGRAM: 400 Bad Request: chat not found
2024-12-01T12:00:51.969Z: Bot not responding. Attempting to restart...
2024-12-01T12:00:56.919Z: Starting bot health check...
2024-12-01T12:00:57.088Z: Health check failed: ETELEGRAM: 400 Bad Request: chat not found
2024-12-01T12:00:57.088Z: Bot not responding. Attempting to restart...
2024-12-01T12:01:01.923Z: Starting bot health check...
2024-12-01T12:01:02.130Z: Health check failed: ETELEGRAM: 400 Bad Request: chat not found
2024-12-01T12:01:02.130Z: Bot not responding. Attempting to restart...
2024-12-01T12:01:06.928Z: Starting bot health check...
2024-12-01T12:01:06.980Z: Health check failed: ETELEGRAM: 400 Bad Request: chat not found
2024-12-01T12:01:06.980Z: Bot not responding. Attempting to restart...
2024-12-01T12:01:11.934Z: Starting bot health check...
2024-12-01T12:01:11.981Z: Health check failed: ETELEGRAM: 400 Bad Request: chat not found
2024-12-01T12:01:11.982Z: Bot not responding. Attempting to restart...
2024-12-01T12:01:16.939Z: Starting bot health check...
2024-12-01T12:01:17.011Z: Health check failed: ETELEGRAM: 400 Bad Request: chat not found
2024-12-01T12:01:17.011Z: Bot not responding. Attempting to restart...
2024-12-01T12:01:21.944Z: Starting bot health check...
2024-12-01T12:01:22.132Z: Health check failed: ETELEGRAM: 400 Bad Request: chat not found
2024-12-01T12:01:22.132Z: Bot not responding. Attempting to restart...
2024-12-01T12:01:26.949Z: Starting bot health check...
2024-12-01T12:01:26.999Z: Health check failed: ETELEGRAM: 400 Bad Request: chat not found
2024-12-01T12:01:26.999Z: Bot not responding. Attempting to restart...
2024-12-01T12:01:31.954Z: Starting bot health check...
2024-12-01T12:01:32.003Z: Health check failed: ETELEGRAM: 400 Bad Request: chat not found
2024-12-01T12:01:32.003Z: Bot not responding. Attempting to restart...
2024-12-01T12:01:36.959Z: Starting bot health check...
2024-12-01T12:01:37.302Z: Health check failed: ETELEGRAM: 400 Bad Request: chat not found
2024-12-01T12:01:37.302Z: Bot not responding. Attempting to restart...
2024-12-01T12:01:41.964Z: Starting bot health check...
2024-12-01T12:01:42.089Z: Health check failed: ETELEGRAM: 400 Bad Request: chat not found
2024-12-01T12:01:42.089Z: Bot not responding. Attempting to restart...
2024-12-01T12:01:46.970Z: Starting bot health check...
2024-12-01T12:01:47.061Z: Health check failed: ETELEGRAM: 400 Bad Request: chat not found
2024-12-01T12:01:47.061Z: Bot not responding. Attempting to restart...
2024-12-01T12:01:51.975Z: Starting bot health check...
2024-12-01T12:01:52.125Z: Health check failed: ETELEGRAM: 400 Bad Request: chat not found
2024-12-01T12:01:52.125Z: Bot not responding. Attempting to restart...
2024-12-01T12:01:56.980Z: Starting bot health check...
2024-12-01T12:01:57.087Z: Health check failed: ETELEGRAM: 400 Bad Request: chat not found
2024-12-01T12:01:57.088Z: Bot not responding. Attempting to restart...
2024-12-01T12:02:01.986Z: Starting bot health check...
2024-12-01T12:02:02.064Z: Health check failed: ETELEGRAM: 400 Bad Request: chat not found
2024-12-01T12:02:02.064Z: Bot not responding. Attempting to restart...
2024-12-01T12:02:06.992Z: Starting bot health check...
2024-12-01T12:02:07.161Z: Health check failed: ETELEGRAM: 400 Bad Request: chat not found
2024-12-01T12:02:07.161Z: Bot not responding. Attempting to restart...
2024-12-01T12:02:11.998Z: Starting bot health check...
2024-12-01T12:02:12.203Z: Health check failed: ETELEGRAM: 400 Bad Request: chat not found
2024-12-01T12:02:12.203Z: Bot not responding. Attempting to restart...
2024-12-01T12:02:17.004Z: Starting bot health check...
2024-12-01T12:02:17.061Z: Health check failed: ETELEGRAM: 400 Bad Request: chat not found
2024-12-01T12:02:17.061Z: Bot not responding. Attempting to restart...
2024-12-01T12:02:22.009Z: Starting bot health check...
2024-12-01T12:02:22.061Z: Health check failed: ETELEGRAM: 400 Bad Request: chat not found
2024-12-01T12:02:22.062Z: Bot not responding. Attempting to restart...
2024-12-01T12:02:27.010Z: Starting bot health check...
2024-12-01T12:02:27.083Z: Health check failed: ETELEGRAM: 400 Bad Request: chat not found
2024-12-01T12:02:27.084Z: Bot not responding. Attempting to restart...
2024-12-01T12:02:32.015Z: Starting bot health check...
2024-12-01T12:02:32.094Z: Health check failed: ETELEGRAM: 400 Bad Request: chat not found
2024-12-01T12:02:32.094Z: Bot not responding. Attempting to restart...
2024-12-01T12:02:37.018Z: Starting bot health check...
2024-12-01T12:02:37.103Z: Health check failed: ETELEGRAM: 400 Bad Request: chat not found
2024-12-01T12:02:37.103Z: Bot not responding. Attempting to restart...
2024-12-01T12:02:42.023Z: Starting bot health check...
2024-12-01T12:02:42.088Z: Health check failed: ETELEGRAM: 400 Bad Request: chat not found
2024-12-01T12:02:42.088Z: Bot not responding. Attempting to restart...
2024-12-01T12:02:47.028Z: Starting bot health check...
2024-12-01T12:02:47.087Z: Health check failed: ETELEGRAM: 400 Bad Request: chat not found
2024-12-01T12:02:47.087Z: Bot not responding. Attempting to restart...
2024-12-01T12:02:52.033Z: Starting bot health check...
2024-12-01T12:02:52.303Z: Health check failed: ETELEGRAM: 400 Bad Request: chat not found
2024-12-01T12:02:52.303Z: Bot not responding. Attempting to restart...
2024-12-01T12:02:57.038Z: Starting bot health check...
2024-12-01T12:02:57.150Z: Health check failed: ETELEGRAM: 400 Bad Request: chat not found
2024-12-01T12:02:57.150Z: Bot not responding. Attempting to restart...
2024-12-01T12:03:02.043Z: Starting bot health check...
2024-12-01T12:03:02.120Z: Health check failed: ETELEGRAM: 400 Bad Request: chat not found
2024-12-01T12:03:02.120Z: Bot not responding. Attempting to restart...
2024-12-01T12:03:07.049Z: Starting bot health check...
2024-12-01T12:03:07.139Z: Health check failed: ETELEGRAM: 400 Bad Request: chat not found
2024-12-01T12:03:07.139Z: Bot not responding. Attempting to restart...
2024-12-01T12:03:12.054Z: Starting bot health check...
2024-12-01T12:03:12.105Z: Health check failed: ETELEGRAM: 400 Bad Request: chat not found
2024-12-01T12:03:12.105Z: Bot not responding. Attempting to restart...
2024-12-01T12:03:17.058Z: Starting bot health check...
2024-12-01T12:03:17.115Z: Health check failed: ETELEGRAM: 400 Bad Request: chat not found
2024-12-01T12:03:17.115Z: Bot not responding. Attempting to restart...
2024-12-01T12:03:22.063Z: Starting bot health check...
2024-12-01T12:03:22.182Z: Health check failed: ETELEGRAM: 400 Bad Request: chat not found
2024-12-01T12:03:22.182Z: Bot not responding. Attempting to restart...
2024-12-01T12:03:27.068Z: Starting bot health check...
2024-12-01T12:03:27.253Z: Health check failed: ETELEGRAM: 400 Bad Request: chat not found
2024-12-01T12:03:27.254Z: Bot not responding. Attempting to restart...
2024-12-01T12:03:32.073Z: Starting bot health check...
2024-12-01T12:03:32.151Z: Health check failed: ETELEGRAM: 400 Bad Request: chat not found
2024-12-01T12:03:32.151Z: Bot not responding. Attempting to restart...
2024-12-01T12:03:37.078Z: Starting bot health check...
2024-12-01T12:03:37.325Z: Health check failed: ETELEGRAM: 400 Bad Request: chat not found
2024-12-01T12:03:37.325Z: Bot not responding. Attempting to restart...
2024-12-01T12:03:42.083Z: Starting bot health check...
2024-12-01T12:03:42.166Z: Health check failed: ETELEGRAM: 400 Bad Request: chat not found
2024-12-01T12:03:42.166Z: Bot not responding. Attempting to restart...
2024-12-01T12:03:47.086Z: Starting bot health check...
2024-12-01T12:03:47.178Z: Health check failed: ETELEGRAM: 400 Bad Request: chat not found
2024-12-01T12:03:47.178Z: Bot not responding. Attempting to restart...
2024-12-01T12:03:52.091Z: Starting bot health check...
2024-12-01T12:03:52.257Z: Health check failed: ETELEGRAM: 400 Bad Request: chat not found
2024-12-01T12:03:52.257Z: Bot not responding. Attempting to restart...
2024-12-01T12:03:57.095Z: Starting bot health check...
2024-12-01T12:03:57.238Z: Health check failed: ETELEGRAM: 400 Bad Request: chat not found
2024-12-01T12:03:57.238Z: Bot not responding. Attempting to restart...
2024-12-01T12:04:02.098Z: Starting bot health check...
2024-12-01T12:04:02.194Z: Health check failed: ETELEGRAM: 400 Bad Request: chat not found
2024-12-01T12:04:02.194Z: Bot not responding. Attempting to restart...
2024-12-01T12:04:07.102Z: Starting bot health check...
2024-12-01T12:04:07.247Z: Health check failed: ETELEGRAM: 400 Bad Request: chat not found
2024-12-01T12:04:07.247Z: Bot not responding. Attempting to restart...
2024-12-01T12:04:12.106Z: Starting bot health check...
2024-12-01T12:04:12.214Z: Health check failed: ETELEGRAM: 400 Bad Request: chat not found
2024-12-01T12:04:12.214Z: Bot not responding. Attempting to restart...
2024-12-01T12:04:17.110Z: Starting bot health check...
2024-12-01T12:04:17.158Z: Health check failed: ETELEGRAM: 400 Bad Request: chat not found
2024-12-01T12:04:17.158Z: Bot not responding. Attempting to restart...
2024-12-01T12:04:22.112Z: Starting bot health check...
2024-12-01T12:04:22.319Z: Health check failed: ETELEGRAM: 400 Bad Request: chat not found
2024-12-01T12:04:22.319Z: Bot not responding. Attempting to restart...
2024-12-01T12:04:27.118Z: Starting bot health check...
2024-12-01T12:04:27.189Z: Health check failed: ETELEGRAM: 400 Bad Request: chat not found
2024-12-01T12:04:27.189Z: Bot not responding. Attempting to restart...
2024-12-01T12:04:32.124Z: Starting bot health check...
2024-12-01T12:04:32.263Z: Health check failed: ETELEGRAM: 400 Bad Request: chat not found
2024-12-01T12:04:32.264Z: Bot not responding. Attempting to restart...
2024-12-01T12:04:37.130Z: Starting bot health check...
2024-12-01T12:04:37.291Z: Health check failed: ETELEGRAM: 400 Bad Request: chat not found
2024-12-01T12:04:37.291Z: Bot not responding. Attempting to restart...
2024-12-01T12:04:42.135Z: Starting bot health check...
2024-12-01T12:04:42.203Z: Health check failed: ETELEGRAM: 400 Bad Request: chat not found
2024-12-01T12:04:42.203Z: Bot not responding. Attempting to restart...
2024-12-01T12:04:47.140Z: Starting bot health check...
2024-12-01T12:04:47.191Z: Health check failed: ETELEGRAM: 400 Bad Request: chat not found
2024-12-01T12:04:47.191Z: Bot not responding. Attempting to restart...
2024-12-01T12:04:52.146Z: Starting bot health check...
2024-12-01T12:04:52.294Z: Health check failed: ETELEGRAM: 400 Bad Request: chat not found
2024-12-01T12:04:52.294Z: Bot not responding. Attempting to restart...
2024-12-01T12:04:57.151Z: Starting bot health check...
2024-12-01T12:04:57.276Z: Health check failed: ETELEGRAM: 400 Bad Request: chat not found
2024-12-01T12:04:57.276Z: Bot not responding. Attempting to restart...
2024-12-01T12:05:02.154Z: Starting bot health check...
2024-12-01T12:05:02.278Z: Health check failed: ETELEGRAM: 400 Bad Request: chat not found
2024-12-01T12:05:02.278Z: Bot not responding. Attempting to restart...
2024-12-01T15:09:24.485Z: Starting bot health check...
2024-12-01T15:09:24.483Z: Starting periodic bot health checks
2024-12-01T15:09:24.620Z: Bot is accessible and responding
2024-12-01T15:11:52.961Z: Starting periodic bot health checks
2024-12-01T15:11:52.962Z: Starting bot health check...
2024-12-01T15:11:53.106Z: Bot is accessible and responding
2024-12-01T15:13:17.600Z: Starting periodic bot health checks
2024-12-01T15:13:17.602Z: Starting bot health check...
2024-12-01T15:13:17.733Z: Bot is accessible and responding
2024-12-01T15:13:22.607Z: Starting bot health check...
2024-12-01T15:13:22.642Z: Bot is accessible and responding
2024-12-01T15:13:27.610Z: Starting bot health check...
2024-12-01T15:13:27.645Z: Bot is accessible and responding
2024-12-01T15:13:32.615Z: Starting bot health check...
2024-12-01T15:13:32.650Z: Bot is accessible and responding
2024-12-01T15:13:37.621Z: Starting bot health check...
2024-12-01T15:13:37.656Z: Bot is accessible and responding
2024-12-01T15:13:42.627Z: Starting bot health check...
2024-12-01T15:13:42.660Z: Bot is accessible and responding
2024-12-01T15:13:47.633Z: Starting bot health check...
2024-12-01T15:13:47.666Z: Bot is accessible and responding
2024-12-01T15:13:52.638Z: Starting bot health check...
2024-12-01T15:13:52.670Z: Bot is accessible and responding
2024-12-01T15:13:57.643Z: Starting bot health check...
2024-12-01T15:13:57.676Z: Bot is accessible and responding
2024-12-01T15:14:02.648Z: Starting bot health check...
2024-12-01T15:14:02.682Z: Bot is accessible and responding
2024-12-01T15:14:07.653Z: Starting bot health check...
2024-12-01T15:14:07.687Z: Bot is accessible and responding
2024-12-01T15:14:12.659Z: Starting bot health check...
2024-12-01T15:14:12.693Z: Bot is accessible and responding
2024-12-01T15:14:17.665Z: Starting bot health check...
2024-12-01T15:14:17.699Z: Bot is accessible and responding
2024-12-01T15:14:22.671Z: Starting bot health check...
2024-12-01T15:14:22.706Z: Bot is accessible and responding
2024-12-01T15:14:27.676Z: Starting bot health check...
2024-12-01T15:14:27.710Z: Bot is accessible and responding
2024-12-01T15:14:32.682Z: Starting bot health check...
2024-12-01T15:14:32.718Z: Bot is accessible and responding
2024-12-01T15:14:37.687Z: Starting bot health check...
2024-12-01T15:14:37.720Z: Bot is accessible and responding
2024-12-01T15:14:42.692Z: Starting bot health check...
2024-12-01T15:14:42.734Z: Bot is accessible and responding
2024-12-01T15:14:47.697Z: Starting bot health check...
2024-12-01T15:14:47.731Z: Bot is accessible and responding
2024-12-01T15:14:52.703Z: Starting bot health check...
2024-12-01T15:14:52.738Z: Bot is accessible and responding
2024-12-01T15:14:57.706Z: Starting bot health check...
2024-12-01T15:14:57.740Z: Bot is accessible and responding
2024-12-01T15:15:02.711Z: Starting bot health check...
2024-12-01T15:15:02.744Z: Bot is accessible and responding
2024-12-01T15:15:07.716Z: Starting bot health check...
2024-12-01T15:15:07.751Z: Bot is accessible and responding
2024-12-01T15:15:12.721Z: Starting bot health check...
2024-12-01T15:15:12.754Z: Bot is accessible and responding
2024-12-01T15:15:17.726Z: Starting bot health check...
2024-12-01T15:15:17.759Z: Bot is accessible and responding
2024-12-01T15:15:22.731Z: Starting bot health check...
2024-12-01T15:15:22.767Z: Bot is accessible and responding
2024-12-01T15:15:27.736Z: Starting bot health check...
2024-12-01T15:15:27.768Z: Bot is accessible and responding
2024-12-01T15:15:32.742Z: Starting bot health check...
2024-12-01T15:15:32.775Z: Bot is accessible and responding
2024-12-01T15:15:37.747Z: Starting bot health check...
2024-12-01T15:15:37.781Z: Bot is accessible and responding
2024-12-01T15:15:42.752Z: Starting bot health check...
2024-12-01T15:15:42.785Z: Bot is accessible and responding
2024-12-01T15:15:47.758Z: Starting bot health check...
2024-12-01T15:15:47.792Z: Bot is accessible and responding
2024-12-01T15:15:52.763Z: Starting bot health check...
2024-12-01T15:15:52.795Z: Bot is accessible and responding
2024-12-01T15:15:57.768Z: Starting bot health check...
2024-12-01T15:15:57.800Z: Bot is accessible and responding
2024-12-01T15:16:02.773Z: Starting bot health check...
2024-12-01T15:16:02.806Z: Bot is accessible and responding
2024-12-01T15:16:07.778Z: Starting bot health check...
2024-12-01T15:16:07.812Z: Bot is accessible and responding
2024-12-01T15:16:12.784Z: Starting bot health check...
2024-12-01T15:16:12.817Z: Bot is accessible and responding
2024-12-01T15:16:17.789Z: Starting bot health check...
2024-12-01T15:16:17.832Z: Bot is accessible and responding
2024-12-01T15:16:22.795Z: Starting bot health check...
2024-12-01T15:16:22.828Z: Bot is accessible and responding
2024-12-01T15:16:27.801Z: Starting bot health check...
2024-12-01T15:16:27.834Z: Bot is accessible and responding
2024-12-01T15:16:32.806Z: Starting bot health check...
2024-12-01T15:16:32.838Z: Bot is accessible and responding
2024-12-01T15:16:37.811Z: Starting bot health check...
2024-12-01T15:16:37.845Z: Bot is accessible and responding
2024-12-01T15:16:42.816Z: Starting bot health check...
2024-12-01T15:16:42.850Z: Bot is accessible and responding
2024-12-01T15:16:47.821Z: Starting bot health check...
2024-12-01T15:16:47.854Z: Bot is accessible and responding
2024-12-01T15:16:52.824Z: Starting bot health check...
2024-12-01T15:16:52.860Z: Bot is accessible and responding
2024-12-01T15:16:57.830Z: Starting bot health check...
2024-12-01T15:16:57.862Z: Bot is accessible and responding
2024-12-01T15:17:02.835Z: Starting bot health check...
2024-12-01T15:17:02.869Z: Bot is accessible and responding
2024-12-01T15:17:07.841Z: Starting bot health check...
2024-12-01T15:17:07.874Z: Bot is accessible and responding
2024-12-01T15:17:12.847Z: Starting bot health check...
2024-12-01T15:17:12.879Z: Bot is accessible and responding
2024-12-01T15:17:17.852Z: Starting bot health check...
2024-12-01T15:17:17.885Z: Bot is accessible and responding
2024-12-01T15:17:22.858Z: Starting bot health check...
2024-12-01T15:17:22.890Z: Bot is accessible and responding
2024-12-01T15:17:27.863Z: Starting bot health check...
2024-12-01T15:17:27.896Z: Bot is accessible and responding
2024-12-01T15:17:32.868Z: Starting bot health check...
2024-12-01T15:17:32.900Z: Bot is accessible and responding
2024-12-01T15:17:37.873Z: Starting bot health check...
2024-12-01T15:17:37.905Z: Bot is accessible and responding
2024-12-01T15:17:42.874Z: Starting bot health check...
2024-12-01T15:17:42.907Z: Bot is accessible and responding
2024-12-01T15:17:47.880Z: Starting bot health check...
2024-12-01T15:17:47.912Z: Bot is accessible and responding
2024-12-01T15:17:52.885Z: Starting bot health check...
2024-12-01T15:17:52.917Z: Bot is accessible and responding
2024-12-01T15:17:57.890Z: Starting bot health check...
2024-12-01T15:17:57.922Z: Bot is accessible and responding
2024-12-01T15:18:02.895Z: Starting bot health check...
2024-12-01T15:18:02.927Z: Bot is accessible and responding
2024-12-01T15:18:07.900Z: Starting bot health check...
2024-12-01T15:18:07.934Z: Bot is accessible and responding
2024-12-01T15:18:12.905Z: Starting bot health check...
2024-12-01T15:18:12.938Z: Bot is accessible and responding
2024-12-01T15:18:17.910Z: Starting bot health check...
2024-12-01T15:18:17.965Z: Bot is accessible and responding
2024-12-01T15:18:22.916Z: Starting bot health check...
2024-12-01T15:18:22.949Z: Bot is accessible and responding
2024-12-01T15:18:27.922Z: Starting bot health check...
2024-12-01T15:18:27.955Z: Bot is accessible and responding
2024-12-01T15:18:32.927Z: Starting bot health check...
2024-12-01T15:18:32.960Z: Bot is accessible and responding
2024-12-01T15:18:37.933Z: Starting bot health check...
2024-12-01T15:18:37.969Z: Bot is accessible and responding
2024-12-01T15:18:42.938Z: Starting bot health check...
2024-12-01T15:18:42.972Z: Bot is accessible and responding
2024-12-01T15:18:47.944Z: Starting bot health check...
2024-12-01T15:18:47.977Z: Bot is accessible and responding
2024-12-01T15:18:52.950Z: Starting bot health check...
2024-12-01T15:18:52.984Z: Bot is accessible and responding
2024-12-01T15:18:57.954Z: Starting bot health check...
2024-12-01T15:18:57.987Z: Bot is accessible and responding
2024-12-01T15:19:02.959Z: Starting bot health check...
2024-12-01T15:19:02.992Z: Bot is accessible and responding
2024-12-01T15:19:07.965Z: Starting bot health check...
2024-12-01T15:19:07.997Z: Bot is accessible and responding
2024-12-01T15:19:12.970Z: Starting bot health check...
2024-12-01T15:19:13.004Z: Bot is accessible and responding
2024-12-01T15:19:17.975Z: Starting bot health check...
2024-12-01T15:19:18.009Z: Bot is accessible and responding
2024-12-01T15:19:22.981Z: Starting bot health check...
2024-12-01T15:19:23.023Z: Bot is accessible and responding
2024-12-01T15:19:27.985Z: Starting bot health check...
2024-12-01T15:19:28.041Z: Bot is accessible and responding
2024-12-01T15:19:32.988Z: Starting bot health check...
2024-12-01T15:19:33.048Z: Bot is accessible and responding
2024-12-01T15:19:37.994Z: Starting bot health check...
2024-12-01T15:19:38.028Z: Bot is accessible and responding
2024-12-01T15:19:43.000Z: Starting bot health check...
2024-12-01T15:19:43.032Z: Bot is accessible and responding
2024-12-01T15:19:48.005Z: Starting bot health check...
2024-12-01T15:19:48.038Z: Bot is accessible and responding
2024-12-01T15:19:53.010Z: Starting bot health check...
2024-12-01T15:19:53.043Z: Bot is accessible and responding
2024-12-01T15:19:58.014Z: Starting bot health check...
2024-12-01T15:19:58.046Z: Bot is accessible and responding
2024-12-01T15:20:03.019Z: Starting bot health check...
2024-12-01T15:20:03.071Z: Bot is accessible and responding
2024-12-01T15:20:08.026Z: Starting bot health check...
2024-12-01T15:20:08.059Z: Bot is accessible and responding
2024-12-01T15:20:13.031Z: Starting bot health check...
2024-12-01T15:20:13.064Z: Bot is accessible and responding
2024-12-01T15:20:18.036Z: Starting bot health check...
2024-12-01T15:20:18.068Z: Bot is accessible and responding
2024-12-01T15:20:23.040Z: Starting bot health check...
2024-12-01T15:20:23.072Z: Bot is accessible and responding
2024-12-01T15:20:28.045Z: Starting bot health check...
2024-12-01T15:20:28.077Z: Bot is accessible and responding
2024-12-01T15:20:33.050Z: Starting bot health check...
2024-12-01T15:20:33.082Z: Bot is accessible and responding
2024-12-01T15:20:38.055Z: Starting bot health check...
2024-12-01T15:20:38.103Z: Bot is accessible and responding
2024-12-01T15:20:43.061Z: Starting bot health check...
2024-12-01T15:20:43.093Z: Bot is accessible and responding
2024-12-01T15:20:48.066Z: Starting bot health check...
2024-12-01T15:20:48.099Z: Bot is accessible and responding
2024-12-01T15:20:53.071Z: Starting bot health check...
2024-12-01T15:20:53.106Z: Bot is accessible and responding
2024-12-01T15:20:58.076Z: Starting bot health check...
2024-12-01T15:20:58.108Z: Bot is accessible and responding
2024-12-01T15:21:03.081Z: Starting bot health check...
2024-12-01T15:21:03.114Z: Bot is accessible and responding
2024-12-01T15:21:08.087Z: Starting bot health check...
2024-12-01T15:21:08.122Z: Bot is accessible and responding
2024-12-01T15:21:13.092Z: Starting bot health check...
2024-12-01T15:21:13.137Z: Bot is accessible and responding
2024-12-01T15:21:18.098Z: Starting bot health check...
2024-12-01T15:21:18.131Z: Bot is accessible and responding
2024-12-01T15:21:23.104Z: Starting bot health check...
2024-12-01T15:21:23.138Z: Bot is accessible and responding
2024-12-01T15:21:28.109Z: Starting bot health check...
2024-12-01T15:21:28.142Z: Bot is accessible and responding
2024-12-01T15:21:33.113Z: Starting bot health check...
2024-12-01T15:21:33.147Z: Bot is accessible and responding
2024-12-01T15:21:38.118Z: Starting bot health check...
2024-12-01T15:21:38.219Z: Bot is accessible and responding
2024-12-01T15:21:43.123Z: Starting bot health check...
2024-12-01T15:21:43.155Z: Bot is accessible and responding
2024-12-01T15:21:48.128Z: Starting bot health check...
2024-12-01T15:21:48.161Z: Bot is accessible and responding
2024-12-01T15:21:53.134Z: Starting bot health check...
2024-12-01T15:21:53.167Z: Bot is accessible and responding
2024-12-01T15:21:58.140Z: Starting bot health check...
2024-12-01T15:21:58.173Z: Bot is accessible and responding
2024-12-01T15:22:03.146Z: Starting bot health check...
2024-12-01T15:22:03.192Z: Bot is accessible and responding
2024-12-01T15:22:08.151Z: Starting bot health check...
2024-12-01T15:22:08.186Z: Bot is accessible and responding
2024-12-01T15:22:13.157Z: Starting bot health check...
2024-12-01T15:22:13.189Z: Bot is accessible and responding
2024-12-01T15:22:18.157Z: Starting bot health check...
2024-12-01T15:22:18.189Z: Bot is accessible and responding
2024-12-01T15:22:23.162Z: Starting bot health check...
2024-12-01T15:22:23.194Z: Bot is accessible and responding
2024-12-01T15:22:28.167Z: Starting bot health check...
2024-12-01T15:22:28.199Z: Bot is accessible and responding
2024-12-01T15:22:33.172Z: Starting bot health check...
2024-12-01T15:22:33.204Z: Bot is accessible and responding
2024-12-01T15:22:38.177Z: Starting bot health check...
2024-12-01T15:22:38.209Z: Bot is accessible and responding
2024-12-01T15:22:43.182Z: Starting bot health check...
2024-12-01T15:22:43.217Z: Bot is accessible and responding
2024-12-01T15:22:48.188Z: Starting bot health check...
2024-12-01T15:22:48.225Z: Bot is accessible and responding
2024-12-01T15:22:53.194Z: Starting bot health check...
2024-12-01T15:22:53.226Z: Bot is accessible and responding
2024-12-01T15:22:58.200Z: Starting bot health check...
2024-12-01T15:22:58.232Z: Bot is accessible and responding
2024-12-01T15:23:03.205Z: Starting bot health check...
2024-12-01T15:23:03.237Z: Bot is accessible and responding
2024-12-01T15:23:08.210Z: Starting bot health check...
2024-12-01T15:23:08.243Z: Bot is accessible and responding
2024-12-01T15:23:13.215Z: Starting bot health check...
2024-12-01T15:23:13.248Z: Bot is accessible and responding
2024-12-01T15:23:18.221Z: Starting bot health check...
2024-12-01T15:23:18.254Z: Bot is accessible and responding
2024-12-01T15:23:23.228Z: Starting bot health check...
2024-12-01T15:23:23.263Z: Bot is accessible and responding
2024-12-01T15:23:28.233Z: Starting bot health check...
2024-12-01T15:23:28.265Z: Bot is accessible and responding
2024-12-01T15:23:33.238Z: Starting bot health check...
2024-12-01T15:23:33.270Z: Bot is accessible and responding
2024-12-01T15:23:38.243Z: Starting bot health check...
2024-12-01T15:23:38.276Z: Bot is accessible and responding
2024-12-01T15:23:43.249Z: Starting bot health check...
2024-12-01T15:23:43.283Z: Bot is accessible and responding
2024-12-01T15:23:48.254Z: Starting bot health check...
2024-12-01T15:23:48.287Z: Bot is accessible and responding
2024-12-01T15:23:53.260Z: Starting bot health check...
2024-12-01T15:23:53.295Z: Bot is accessible and responding
2024-12-01T15:23:58.262Z: Starting bot health check...
2024-12-01T15:23:58.294Z: Bot is accessible and responding
2024-12-01T15:24:03.267Z: Starting bot health check...
2024-12-01T15:24:03.302Z: Bot is accessible and responding
2024-12-01T15:24:08.272Z: Starting bot health check...
2024-12-01T15:24:08.305Z: Bot is accessible and responding
2024-12-01T15:24:13.274Z: Starting bot health check...
2024-12-01T15:24:13.307Z: Bot is accessible and responding
2024-12-01T15:24:18.278Z: Starting bot health check...
2024-12-01T15:24:18.312Z: Bot is accessible and responding
2024-12-01T15:24:23.280Z: Starting bot health check...
2024-12-01T15:24:23.313Z: Bot is accessible and responding
2024-12-01T15:24:28.287Z: Starting bot health check...
2024-12-01T15:24:28.319Z: Bot is accessible and responding
2024-12-01T15:24:33.291Z: Starting bot health check...
2024-12-01T15:24:33.324Z: Bot is accessible and responding
2024-12-01T15:24:38.293Z: Starting bot health check...
2024-12-01T15:24:38.326Z: Bot is accessible and responding
2024-12-01T15:24:43.299Z: Starting bot health check...
2024-12-01T15:24:43.336Z: Bot is accessible and responding
2024-12-01T15:24:48.301Z: Starting bot health check...
2024-12-01T15:24:48.334Z: Bot is accessible and responding
2024-12-01T15:24:53.306Z: Starting bot health check...
2024-12-01T15:24:53.338Z: Bot is accessible and responding
2024-12-01T15:24:58.309Z: Starting bot health check...
2024-12-01T15:24:58.341Z: Bot is accessible and responding
2024-12-01T15:25:03.314Z: Starting bot health check...
2024-12-01T15:25:03.346Z: Bot is accessible and responding
2024-12-01T15:25:08.317Z: Starting bot health check...
2024-12-01T15:25:08.365Z: Bot is accessible and responding
2024-12-01T15:25:13.323Z: Starting bot health check...
2024-12-01T15:25:13.355Z: Bot is accessible and responding
2024-12-01T15:25:18.326Z: Starting bot health check...
2024-12-01T15:25:18.375Z: Bot is accessible and responding
2024-12-01T15:25:23.330Z: Starting bot health check...
2024-12-01T15:25:23.362Z: Bot is accessible and responding
2024-12-01T15:25:28.334Z: Starting bot health check...
2024-12-01T15:25:28.366Z: Bot is accessible and responding
2024-12-01T15:25:33.339Z: Starting bot health check...
2024-12-01T15:25:33.398Z: Bot is accessible and responding
2024-12-01T15:25:38.342Z: Starting bot health check...
2024-12-01T15:25:38.374Z: Bot is accessible and responding
2024-12-01T15:25:43.345Z: Starting bot health check...
2024-12-01T15:25:43.378Z: Bot is accessible and responding
2024-12-01T15:25:48.351Z: Starting bot health check...
2024-12-01T15:25:48.385Z: Bot is accessible and responding
2024-12-01T15:25:53.354Z: Starting bot health check...
2024-12-01T15:25:53.386Z: Bot is accessible and responding
2024-12-01T15:25:58.359Z: Starting bot health check...
2024-12-01T15:25:58.391Z: Bot is accessible and responding
2024-12-01T15:26:03.362Z: Starting bot health check...
2024-12-01T15:26:03.394Z: Bot is accessible and responding
2024-12-01T15:26:08.367Z: Starting bot health check...
2024-12-01T15:26:08.399Z: Bot is accessible and responding
2024-12-01T15:26:13.372Z: Starting bot health check...
2024-12-01T15:26:13.404Z: Bot is accessible and responding
2024-12-01T15:26:18.377Z: Starting bot health check...
2024-12-01T15:26:18.411Z: Bot is accessible and responding
2024-12-01T15:26:23.383Z: Starting bot health check...
2024-12-01T15:26:23.416Z: Bot is accessible and responding
2024-12-01T15:26:28.386Z: Starting bot health check...
2024-12-01T15:26:28.419Z: Bot is accessible and responding
2024-12-01T15:26:33.388Z: Starting bot health check...
2024-12-01T15:26:33.420Z: Bot is accessible and responding
2024-12-01T15:26:38.394Z: Starting bot health check...
2024-12-01T15:26:38.428Z: Bot is accessible and responding
2024-12-01T15:26:43.399Z: Starting bot health check...
2024-12-01T15:26:43.435Z: Bot is accessible and responding
2024-12-01T15:26:48.405Z: Starting bot health check...
2024-12-01T15:26:48.437Z: Bot is accessible and responding
2024-12-01T15:26:53.409Z: Starting bot health check...
2024-12-01T15:26:53.442Z: Bot is accessible and responding
2024-12-01T15:26:58.415Z: Starting bot health check...
2024-12-01T15:26:58.447Z: Bot is accessible and responding
2024-12-01T15:27:03.421Z: Starting bot health check...
2024-12-01T15:27:03.460Z: Bot is accessible and responding
2024-12-01T15:27:08.426Z: Starting bot health check...
2024-12-01T15:27:08.459Z: Bot is accessible and responding
2024-12-01T15:27:13.431Z: Starting bot health check...
2024-12-01T15:27:13.465Z: Bot is accessible and responding
2024-12-01T15:27:18.437Z: Starting bot health check...
2024-12-01T15:27:18.471Z: Bot is accessible and responding
2024-12-01T15:27:23.443Z: Starting bot health check...
2024-12-01T15:27:23.475Z: Bot is accessible and responding
2024-12-01T15:27:28.449Z: Starting bot health check...
2024-12-01T15:27:28.481Z: Bot is accessible and responding
2024-12-01T15:27:33.454Z: Starting bot health check...
2024-12-01T15:27:33.487Z: Bot is accessible and responding
2024-12-01T15:27:38.459Z: Starting bot health check...
2024-12-01T15:27:38.492Z: Bot is accessible and responding
2024-12-01T15:27:38.930Z: Starting periodic bot health checks
2024-12-01T15:27:38.932Z: Starting bot health check...
2024-12-01T15:27:39.934Z: Bot is accessible and responding
2024-12-01T15:27:43.936Z: Starting bot health check...
2024-12-01T15:27:44.938Z: Bot is accessible and responding
2024-12-01T15:27:48.938Z: Starting bot health check...
2024-12-01T15:27:49.940Z: Bot is accessible and responding
2024-12-01T15:27:53.943Z: Starting bot health check...
2024-12-01T15:27:54.944Z: Bot is accessible and responding
2024-12-01T15:27:58.948Z: Starting bot health check...
2024-12-01T15:27:59.948Z: Bot is accessible and responding
2024-12-01T15:28:03.952Z: Starting bot health check...
2024-12-01T15:28:04.954Z: Bot is accessible and responding
2024-12-01T15:28:08.958Z: Starting bot health check...
2024-12-01T15:28:09.958Z: Bot is accessible and responding
2024-12-01T15:28:13.961Z: Starting bot health check...
2024-12-01T15:28:14.963Z: Bot is accessible and responding
2024-12-01T15:28:18.966Z: Starting bot health check...
2024-12-01T15:28:19.968Z: Bot is accessible and responding
2024-12-01T15:28:23.971Z: Starting bot health check...
2024-12-01T15:28:24.972Z: Bot is accessible and responding
2024-12-01T15:28:28.974Z: Starting bot health check...
2024-12-01T15:28:29.975Z: Bot is accessible and responding
2024-12-01T15:28:33.978Z: Starting bot health check...
2024-12-01T15:28:34.980Z: Bot is accessible and responding
2024-12-01T15:28:38.982Z: Starting bot health check...
2024-12-01T15:28:39.983Z: Bot is accessible and responding
2024-12-01T15:28:43.986Z: Starting bot health check...
2024-12-01T15:28:44.987Z: Bot is accessible and responding
2024-12-01T15:28:48.990Z: Starting bot health check...
2024-12-01T15:28:49.991Z: Bot is accessible and responding
2024-12-01T15:28:50.316Z: Starting periodic bot health checks
2024-12-01T15:28:50.317Z: Starting bot health check...
2024-12-01T15:28:50.459Z: Bot is accessible and responding
2024-12-01T15:28:55.321Z: Starting bot health check...
2024-12-01T15:28:55.358Z: Bot is accessible and responding
2024-12-01T15:29:00.324Z: Starting bot health check...
2024-12-01T15:29:00.375Z: Bot is accessible and responding
2024-12-01T15:29:05.329Z: Starting bot health check...
2024-12-01T15:29:05.364Z: Bot is accessible and responding
2024-12-01T15:29:10.334Z: Starting bot health check...
2024-12-01T15:29:10.369Z: Bot is accessible and responding
2024-12-01T15:29:15.340Z: Starting bot health check...
2024-12-01T15:29:15.377Z: Bot is accessible and responding
2024-12-01T15:29:20.346Z: Starting bot health check...
2024-12-01T15:29:20.380Z: Bot is accessible and responding
2024-12-01T15:29:25.352Z: Starting bot health check...
2024-12-01T15:29:25.390Z: Bot is accessible and responding
2024-12-01T15:29:30.354Z: Starting bot health check...
2024-12-01T15:29:30.389Z: Bot is accessible and responding
2024-12-01T15:29:35.356Z: Starting bot health check...
2024-12-01T15:29:35.393Z: Bot is accessible and responding
2024-12-01T15:29:40.362Z: Starting bot health check...
2024-12-01T15:29:40.394Z: Bot is accessible and responding
2024-12-01T15:29:45.367Z: Starting bot health check...
2024-12-01T15:29:45.405Z: Bot is accessible and responding
2024-12-01T15:29:50.370Z: Starting bot health check...
2024-12-01T15:29:50.448Z: Bot is accessible and responding
2024-12-01T15:29:55.375Z: Starting bot health check...
2024-12-01T15:29:55.420Z: Bot is accessible and responding
2024-12-01T15:30:00.378Z: Starting bot health check...
2024-12-01T15:30:00.412Z: Bot is accessible and responding
2024-12-01T15:30:05.383Z: Starting bot health check...
2024-12-01T15:30:05.419Z: Bot is accessible and responding
2024-12-01T15:30:10.388Z: Starting bot health check...
2024-12-01T15:30:10.460Z: Bot is accessible and responding
2024-12-01T15:30:15.393Z: Starting bot health check...
2024-12-01T15:30:15.425Z: Bot is accessible and responding
2024-12-01T15:30:20.393Z: Starting bot health check...
2024-12-01T15:30:20.453Z: Bot is accessible and responding
2024-12-01T15:30:25.398Z: Starting bot health check...
2024-12-01T15:30:25.434Z: Bot is accessible and responding
2024-12-01T15:30:30.403Z: Starting bot health check...
2024-12-01T15:30:30.452Z: Bot is accessible and responding
2024-12-01T15:30:35.409Z: Starting bot health check...
2024-12-01T15:30:35.442Z: Bot is accessible and responding
2024-12-01T15:30:40.414Z: Starting bot health check...
2024-12-01T15:30:40.451Z: Bot is accessible and responding
2024-12-01T15:30:45.420Z: Starting bot health check...
2024-12-01T15:30:45.454Z: Bot is accessible and responding
2024-12-01T15:30:50.426Z: Starting bot health check...
2024-12-01T15:30:50.459Z: Bot is accessible and responding
2024-12-01T15:30:55.432Z: Starting bot health check...
2024-12-01T15:30:55.464Z: Bot is accessible and responding
2024-12-01T15:31:00.432Z: Starting bot health check...
2024-12-01T15:31:00.468Z: Bot is accessible and responding
2024-12-01T15:31:05.432Z: Starting bot health check...
2024-12-01T15:31:05.465Z: Bot is accessible and responding
2024-12-01T15:31:10.438Z: Starting bot health check...
2024-12-01T15:31:10.471Z: Bot is accessible and responding
2024-12-01T15:31:15.443Z: Starting bot health check...
2024-12-01T15:31:15.476Z: Bot is accessible and responding
2024-12-01T15:31:20.448Z: Starting bot health check...
2024-12-01T15:31:20.503Z: Bot is accessible and responding
2024-12-01T15:31:25.454Z: Starting bot health check...
2024-12-01T15:31:25.487Z: Bot is accessible and responding
2024-12-01T15:31:30.459Z: Starting bot health check...
2024-12-01T15:31:30.495Z: Bot is accessible and responding
2024-12-01T15:31:35.465Z: Starting bot health check...
2024-12-01T15:31:35.501Z: Bot is accessible and responding
2024-12-01T15:31:40.470Z: Starting bot health check...
2024-12-01T15:31:40.503Z: Bot is accessible and responding
2024-12-01T15:31:45.474Z: Starting bot health check...
2024-12-01T15:31:45.546Z: Bot is accessible and responding
2024-12-01T15:31:50.480Z: Starting bot health check...
2024-12-01T15:31:50.517Z: Bot is accessible and responding
2024-12-01T15:31:55.485Z: Starting bot health check...
2024-12-01T15:31:55.552Z: Bot is accessible and responding
2024-12-01T15:32:00.490Z: Starting bot health check...
2024-12-01T15:32:00.523Z: Bot is accessible and responding
2024-12-01T15:32:05.496Z: Starting bot health check...
2024-12-01T15:32:05.535Z: Bot is accessible and responding
2024-12-01T15:32:10.501Z: Starting bot health check...
2024-12-01T15:32:10.536Z: Bot is accessible and responding
2024-12-01T15:32:15.506Z: Starting bot health check...
2024-12-01T15:32:15.539Z: Bot is accessible and responding
2024-12-01T15:32:20.512Z: Starting bot health check...
2024-12-01T15:32:20.553Z: Bot is accessible and responding
2024-12-01T15:32:25.517Z: Starting bot health check...
2024-12-01T15:32:25.551Z: Bot is accessible and responding
2024-12-01T15:32:30.522Z: Starting bot health check...
2024-12-01T15:32:30.560Z: Bot is accessible and responding
2024-12-01T15:32:35.528Z: Starting bot health check...
2024-12-01T15:32:35.565Z: Bot is accessible and responding
2024-12-01T15:32:40.533Z: Starting bot health check...
2024-12-01T15:32:40.632Z: Bot is accessible and responding
2024-12-01T15:32:45.538Z: Starting bot health check...
2024-12-01T15:32:45.572Z: Bot is accessible and responding
2024-12-01T15:32:50.544Z: Starting bot health check...
2024-12-01T15:32:50.580Z: Bot is accessible and responding
2024-12-01T15:32:55.549Z: Starting bot health check...
2024-12-01T15:32:55.588Z: Bot is accessible and responding
2024-12-01T15:33:00.554Z: Starting bot health check...
2024-12-01T15:33:00.588Z: Bot is accessible and responding
2024-12-01T15:33:05.559Z: Starting bot health check...
2024-12-01T15:33:05.598Z: Bot is accessible and responding
2024-12-01T15:33:10.564Z: Starting bot health check...
2024-12-01T15:33:10.640Z: Bot is accessible and responding
2024-12-01T15:33:15.566Z: Starting bot health check...
2024-12-01T15:33:15.599Z: Bot is accessible and responding
2024-12-01T15:33:20.571Z: Starting bot health check...
2024-12-01T15:33:20.606Z: Bot is accessible and responding
2024-12-01T15:33:25.577Z: Starting bot health check...
2024-12-01T15:33:25.643Z: Bot is accessible and responding
2024-12-01T15:33:30.582Z: Starting bot health check...
2024-12-01T15:33:30.615Z: Bot is accessible and responding
2024-12-01T15:33:35.587Z: Starting bot health check...
2024-12-01T15:33:35.631Z: Bot is accessible and responding
2024-12-01T15:33:40.592Z: Starting bot health check...
2024-12-01T15:33:40.625Z: Bot is accessible and responding
2024-12-01T15:33:45.597Z: Starting bot health check...
2024-12-01T15:33:45.633Z: Bot is accessible and responding
2024-12-01T15:33:50.602Z: Starting bot health check...
2024-12-01T15:33:50.638Z: Bot is accessible and responding
2024-12-01T15:33:55.607Z: Starting bot health check...
2024-12-01T15:33:55.642Z: Bot is accessible and responding
2024-12-01T15:34:00.612Z: Starting bot health check...
2024-12-01T15:34:00.646Z: Bot is accessible and responding
2024-12-01T15:34:05.618Z: Starting bot health check...
2024-12-01T15:34:05.707Z: Bot is accessible and responding
2024-12-01T15:34:10.623Z: Starting bot health check...
2024-12-01T15:34:10.662Z: Bot is accessible and responding
2024-12-01T15:34:15.628Z: Starting bot health check...
2024-12-01T15:34:15.661Z: Bot is accessible and responding
2024-12-01T15:34:20.633Z: Starting bot health check...
2024-12-01T15:34:20.669Z: Bot is accessible and responding
2024-12-01T15:34:25.639Z: Starting bot health check...
2024-12-01T15:34:25.688Z: Bot is accessible and responding
2024-12-01T15:34:30.643Z: Starting bot health check...
2024-12-01T15:34:30.677Z: Bot is accessible and responding
2024-12-01T15:34:35.649Z: Starting bot health check...
2024-12-01T15:34:35.682Z: Bot is accessible and responding
2024-12-01T15:34:40.655Z: Starting bot health check...
2024-12-01T15:34:40.689Z: Bot is accessible and responding
2024-12-01T15:34:45.660Z: Starting bot health check...
2024-12-01T15:34:45.708Z: Bot is accessible and responding
2024-12-01T15:34:50.666Z: Starting bot health check...
2024-12-01T15:34:50.698Z: Bot is accessible and responding
2024-12-01T15:34:55.670Z: Starting bot health check...
2024-12-01T15:34:55.716Z: Bot is accessible and responding
2024-12-01T15:35:00.676Z: Starting bot health check...
2024-12-01T15:35:00.723Z: Bot is accessible and responding
2024-12-01T15:35:05.681Z: Starting bot health check...
2024-12-01T15:35:05.719Z: Bot is accessible and responding
2024-12-01T15:35:10.688Z: Starting bot health check...
2024-12-01T15:35:10.732Z: Bot is accessible and responding
2024-12-01T15:35:15.693Z: Starting bot health check...
2024-12-01T15:35:15.733Z: Bot is accessible and responding
2024-12-01T15:35:20.700Z: Starting bot health check...
2024-12-01T15:35:20.735Z: Bot is accessible and responding
2024-12-01T15:35:25.702Z: Starting bot health check...
2024-12-01T15:35:25.734Z: Bot is accessible and responding
2024-12-01T15:35:30.707Z: Starting bot health check...
2024-12-01T15:35:30.789Z: Bot is accessible and responding
2024-12-01T15:35:35.712Z: Starting bot health check...
2024-12-01T15:35:35.745Z: Bot is accessible and responding
2024-12-01T15:35:40.714Z: Starting bot health check...
2024-12-01T15:35:40.747Z: Bot is accessible and responding
2024-12-01T15:35:45.719Z: Starting bot health check...
2024-12-01T15:35:45.767Z: Bot is accessible and responding
2024-12-01T15:35:50.725Z: Starting bot health check...
2024-12-01T15:35:50.776Z: Bot is accessible and responding
2024-12-01T15:35:55.730Z: Starting bot health check...
2024-12-01T15:35:55.762Z: Bot is accessible and responding
2024-12-01T15:36:00.732Z: Starting bot health check...
2024-12-01T15:36:00.774Z: Bot is accessible and responding
2024-12-01T15:36:05.737Z: Starting bot health check...
2024-12-01T15:36:05.774Z: Bot is accessible and responding
2024-12-01T15:36:10.743Z: Starting bot health check...
2024-12-01T15:36:10.779Z: Bot is accessible and responding
2024-12-01T15:36:15.748Z: Starting bot health check...
2024-12-01T15:36:15.793Z: Bot is accessible and responding
